{"contracts/DAO.sol":{"l":{"41":0,"42":0,"43":0,"44":0,"45":0,"46":0,"51":0,"52":0,"53":0,"54":0,"55":0,"56":0,"57":0,"59":0,"60":0,"62":0,"67":0,"68":0,"69":0,"70":0,"71":0,"72":0,"73":0,"75":0,"77":0,"78":0,"79":0,"80":0},"path":"/home/chiro/gits/infrastructure/contracts/DAO.sol","s":{"1":0,"2":0,"3":0,"4":0,"5":0,"6":0,"7":0,"8":0,"9":0,"10":0,"11":0,"12":0,"13":0,"14":0,"15":0,"16":0,"17":0,"18":0,"19":0,"20":0,"21":0,"22":0,"23":0,"24":0,"25":0,"26":0,"27":0,"28":0},"b":{"1":[0,0],"2":[0,0],"3":[0,0],"4":[0,0],"5":[0,0],"6":[0,0],"7":[0,0],"8":[0,0],"9":[0,0]},"f":{"1":0,"2":0,"3":0},"fnMap":{"1":{"name":"createProposal","line":40,"loc":{"start":{"line":40,"column":2},"end":{"line":47,"column":2}}},"2":{"name":"voteProposal","line":50,"loc":{"start":{"line":50,"column":2},"end":{"line":63,"column":2}}},"3":{"name":"execute","line":66,"loc":{"start":{"line":66,"column":2},"end":{"line":81,"column":2}}}},"statementMap":{"1":{"start":{"line":41,"column":4},"end":{"line":41,"column":98}},"2":{"start":{"line":42,"column":4},"end":{"line":42,"column":65}},"3":{"start":{"line":43,"column":4},"end":{"line":43,"column":21}},"4":{"start":{"line":44,"column":4},"end":{"line":44,"column":58}},"5":{"start":{"line":45,"column":4},"end":{"line":45,"column":47}},"6":{"start":{"line":46,"column":4},"end":{"line":46,"column":24}},"7":{"start":{"line":51,"column":4},"end":{"line":51,"column":98}},"8":{"start":{"line":52,"column":4},"end":{"line":52,"column":96}},"9":{"start":{"line":53,"column":4},"end":{"line":53,"column":64}},"10":{"start":{"line":54,"column":4},"end":{"line":54,"column":94}},"11":{"start":{"line":55,"column":4},"end":{"line":55,"column":2173}},"12":{"start":{"line":56,"column":6},"end":{"line":56,"column":58}},"13":{"start":{"line":57,"column":6},"end":{"line":57,"column":58}},"14":{"start":{"line":59,"column":6},"end":{"line":59,"column":58}},"15":{"start":{"line":60,"column":6},"end":{"line":60,"column":58}},"16":{"start":{"line":62,"column":4},"end":{"line":62,"column":15}},"17":{"start":{"line":67,"column":4},"end":{"line":67,"column":65}},"18":{"start":{"line":68,"column":4},"end":{"line":68,"column":102}},"19":{"start":{"line":69,"column":4},"end":{"line":69,"column":99}},"20":{"start":{"line":70,"column":4},"end":{"line":70,"column":79}},"21":{"start":{"line":71,"column":4},"end":{"line":71,"column":75}},"22":{"start":{"line":72,"column":4},"end":{"line":72,"column":3013}},"23":{"start":{"line":73,"column":6},"end":{"line":73,"column":70}},"24":{"start":{"line":75,"column":6},"end":{"line":75,"column":62}},"25":{"start":{"line":77,"column":4},"end":{"line":77,"column":34}},"26":{"start":{"line":78,"column":4},"end":{"line":78,"column":48}},"27":{"start":{"line":79,"column":4},"end":{"line":79,"column":70}},"28":{"start":{"line":80,"column":4},"end":{"line":80,"column":15}}},"branchMap":{"1":{"line":42,"type":"if","locations":[{"start":{"line":42,"column":4},"end":{"line":42,"column":4}},{"start":{"line":42,"column":4},"end":{"line":42,"column":4}}]},"2":{"line":52,"type":"if","locations":[{"start":{"line":52,"column":4},"end":{"line":52,"column":4}},{"start":{"line":52,"column":4},"end":{"line":52,"column":4}}]},"3":{"line":53,"type":"if","locations":[{"start":{"line":53,"column":4},"end":{"line":53,"column":4}},{"start":{"line":53,"column":4},"end":{"line":53,"column":4}}]},"4":{"line":54,"type":"if","locations":[{"start":{"line":54,"column":4},"end":{"line":54,"column":4}},{"start":{"line":54,"column":4},"end":{"line":54,"column":4}}]},"5":{"line":55,"type":"if","locations":[{"start":{"line":55,"column":4},"end":{"line":55,"column":4}},{"start":{"line":55,"column":4},"end":{"line":55,"column":4}}]},"6":{"line":69,"type":"if","locations":[{"start":{"line":69,"column":4},"end":{"line":69,"column":4}},{"start":{"line":69,"column":4},"end":{"line":69,"column":4}}]},"7":{"line":70,"type":"if","locations":[{"start":{"line":70,"column":4},"end":{"line":70,"column":4}},{"start":{"line":70,"column":4},"end":{"line":70,"column":4}}]},"8":{"line":71,"type":"if","locations":[{"start":{"line":71,"column":4},"end":{"line":71,"column":4}},{"start":{"line":71,"column":4},"end":{"line":71,"column":4}}]},"9":{"line":72,"type":"if","locations":[{"start":{"line":72,"column":4},"end":{"line":72,"column":4}},{"start":{"line":72,"column":4},"end":{"line":72,"column":4}}]}}},"contracts/DAOToken.sol":{"l":{"34":0,"36":0,"38":0,"40":0,"42":0,"44":0,"47":0,"49":0,"58":0,"59":0,"61":0,"62":0,"63":0,"65":0,"70":0,"71":0,"72":0,"77":0,"78":0,"79":0,"81":0,"82":0,"83":0,"88":0,"89":0,"90":0,"92":0,"94":0,"96":0,"97":0,"98":0,"103":0,"104":0,"106":0,"119":0,"125":0,"126":0,"128":0,"133":0,"135":0,"140":0},"path":"/home/chiro/gits/infrastructure/contracts/DAOToken.sol","s":{"1":0,"2":0,"3":0,"4":0,"5":0,"6":0,"7":0,"8":0,"9":0,"10":0,"11":0,"12":0,"13":0,"14":0,"15":0,"16":0,"17":0,"18":0,"19":0,"20":0,"21":0,"22":0,"23":0,"24":0,"25":0,"26":0,"27":0,"28":0,"29":0,"30":0,"31":0,"32":0,"33":0,"34":0,"35":0,"36":0,"37":0,"38":0,"39":0,"40":0,"41":0},"b":{"1":[0,0],"2":[0,0],"3":[0,0],"4":[0,0],"5":[0,0],"6":[0,0],"7":[0,0],"8":[0,0],"9":[0,0]},"f":{"1":0,"2":0,"3":0,"4":0,"5":0,"6":0,"7":0,"8":0,"9":0,"10":0},"fnMap":{"1":{"name":"init","line":32,"loc":{"start":{"line":32,"column":2},"end":{"line":50,"column":2}}},"2":{"name":"transferFrom","line":53,"loc":{"start":{"line":53,"column":2},"end":{"line":66,"column":2}}},"3":{"name":"transfer","line":69,"loc":{"start":{"line":69,"column":2},"end":{"line":73,"column":2}}},"4":{"name":"lock","line":76,"loc":{"start":{"line":76,"column":2},"end":{"line":84,"column":2}}},"5":{"name":"unlock","line":87,"loc":{"start":{"line":87,"column":2},"end":{"line":99,"column":2}}},"6":{"name":"_available","line":102,"loc":{"start":{"line":102,"column":2},"end":{"line":107,"column":2}}},"7":{"name":"getBalance","line":110,"loc":{"start":{"line":110,"column":2},"end":{"line":120,"column":2}}},"8":{"name":"votePower","line":123,"loc":{"start":{"line":123,"column":2},"end":{"line":129,"column":2}}},"9":{"name":"isUnlocked","line":132,"loc":{"start":{"line":132,"column":2},"end":{"line":136,"column":2}}},"10":{"name":"isLocked","line":139,"loc":{"start":{"line":139,"column":2},"end":{"line":141,"column":2}}}},"statementMap":{"1":{"start":{"line":34,"column":4},"end":{"line":34,"column":106}},"2":{"start":{"line":36,"column":4},"end":{"line":36,"column":40}},"3":{"start":{"line":38,"column":4},"end":{"line":38,"column":33}},"4":{"start":{"line":40,"column":4},"end":{"line":40,"column":1158}},"5":{"start":{"line":42,"column":6},"end":{"line":42,"column":45}},"6":{"start":{"line":44,"column":6},"end":{"line":44,"column":44}},"7":{"start":{"line":47,"column":6},"end":{"line":47,"column":45}},"8":{"start":{"line":49,"column":4},"end":{"line":49,"column":15}},"9":{"start":{"line":58,"column":4},"end":{"line":58,"column":101}},"10":{"start":{"line":59,"column":4},"end":{"line":59,"column":39}},"11":{"start":{"line":61,"column":4},"end":{"line":61,"column":62}},"12":{"start":{"line":62,"column":4},"end":{"line":62,"column":82}},"13":{"start":{"line":63,"column":4},"end":{"line":63,"column":60}},"14":{"start":{"line":65,"column":4},"end":{"line":65,"column":15}},"15":{"start":{"line":70,"column":4},"end":{"line":70,"column":107}},"16":{"start":{"line":71,"column":4},"end":{"line":71,"column":45}},"17":{"start":{"line":72,"column":4},"end":{"line":72,"column":15}},"18":{"start":{"line":77,"column":4},"end":{"line":77,"column":32}},"19":{"start":{"line":78,"column":4},"end":{"line":78,"column":38}},"20":{"start":{"line":79,"column":4},"end":{"line":79,"column":110}},"21":{"start":{"line":81,"column":4},"end":{"line":81,"column":95}},"22":{"start":{"line":82,"column":4},"end":{"line":82,"column":50}},"23":{"start":{"line":83,"column":4},"end":{"line":83,"column":15}},"24":{"start":{"line":88,"column":4},"end":{"line":88,"column":32}},"25":{"start":{"line":89,"column":4},"end":{"line":89,"column":45}},"26":{"start":{"line":90,"column":4},"end":{"line":90,"column":78}},"27":{"start":{"line":92,"column":4},"end":{"line":92,"column":57}},"28":{"start":{"line":94,"column":4},"end":{"line":94,"column":22}},"29":{"start":{"line":96,"column":4},"end":{"line":96,"column":32}},"30":{"start":{"line":97,"column":4},"end":{"line":97,"column":63}},"31":{"start":{"line":98,"column":4},"end":{"line":98,"column":15}},"32":{"start":{"line":103,"column":4},"end":{"line":103,"column":3459}},"33":{"start":{"line":104,"column":6},"end":{"line":104,"column":29}},"34":{"start":{"line":106,"column":4},"end":{"line":106,"column":55}},"35":{"start":{"line":119,"column":4},"end":{"line":119,"column":68}},"36":{"start":{"line":125,"column":4},"end":{"line":125,"column":3991}},"37":{"start":{"line":126,"column":6},"end":{"line":126,"column":38}},"38":{"start":{"line":128,"column":4},"end":{"line":128,"column":12}},"39":{"start":{"line":133,"column":4},"end":{"line":133,"column":45}},"40":{"start":{"line":135,"column":4},"end":{"line":135,"column":96}},"41":{"start":{"line":140,"column":4},"end":{"line":140,"column":40}}},"branchMap":{"1":{"line":34,"type":"if","locations":[{"start":{"line":34,"column":4},"end":{"line":34,"column":4}},{"start":{"line":34,"column":4},"end":{"line":34,"column":4}}]},"2":{"line":40,"type":"if","locations":[{"start":{"line":40,"column":4},"end":{"line":40,"column":4}},{"start":{"line":40,"column":4},"end":{"line":40,"column":4}}]},"3":{"line":58,"type":"if","locations":[{"start":{"line":58,"column":4},"end":{"line":58,"column":4}},{"start":{"line":58,"column":4},"end":{"line":58,"column":4}}]},"4":{"line":62,"type":"if","locations":[{"start":{"line":62,"column":4},"end":{"line":62,"column":4}},{"start":{"line":62,"column":4},"end":{"line":62,"column":4}}]},"5":{"line":70,"type":"if","locations":[{"start":{"line":70,"column":4},"end":{"line":70,"column":4}},{"start":{"line":70,"column":4},"end":{"line":70,"column":4}}]},"6":{"line":79,"type":"if","locations":[{"start":{"line":79,"column":4},"end":{"line":79,"column":4}},{"start":{"line":79,"column":4},"end":{"line":79,"column":4}}]},"7":{"line":90,"type":"if","locations":[{"start":{"line":90,"column":4},"end":{"line":90,"column":4}},{"start":{"line":90,"column":4},"end":{"line":90,"column":4}}]},"8":{"line":103,"type":"if","locations":[{"start":{"line":103,"column":4},"end":{"line":103,"column":4}},{"start":{"line":103,"column":4},"end":{"line":103,"column":4}}]},"9":{"line":125,"type":"if","locations":[{"start":{"line":125,"column":4},"end":{"line":125,"column":4}},{"start":{"line":125,"column":4},"end":{"line":125,"column":4}}]}}},"contracts/infrastructure/Factory.sol":{"l":{"29":0,"34":0,"35":0,"38":0,"39":0,"42":0,"43":0,"45":0},"path":"/home/chiro/gits/infrastructure/contracts/infrastructure/Factory.sol","s":{"1":0,"2":0,"3":0,"4":0,"5":0,"6":0,"7":0,"8":0},"b":{},"f":{"1":0,"2":0},"fnMap":{"1":{"name":"constructor","line":28,"loc":{"start":{"line":28,"column":2},"end":{"line":30,"column":2}}},"2":{"name":"cloneNewDAO","line":32,"loc":{"start":{"line":32,"column":2},"end":{"line":46,"column":2}}}},"statementMap":{"1":{"start":{"line":29,"column":4},"end":{"line":29,"column":27}},"2":{"start":{"line":34,"column":4},"end":{"line":34,"column":73}},"3":{"start":{"line":35,"column":4},"end":{"line":35,"column":60}},"4":{"start":{"line":38,"column":4},"end":{"line":38,"column":83}},"5":{"start":{"line":39,"column":4},"end":{"line":39,"column":57}},"6":{"start":{"line":42,"column":4},"end":{"line":42,"column":75}},"7":{"start":{"line":43,"column":4},"end":{"line":43,"column":61}},"8":{"start":{"line":45,"column":4},"end":{"line":45,"column":15}}},"branchMap":{}},"contracts/infrastructure/NFT.sol":{"l":{"18":3,"23":0,"24":0},"path":"/home/chiro/gits/infrastructure/contracts/infrastructure/NFT.sol","s":{"1":3,"2":0,"3":0},"b":{},"f":{"1":3,"2":0},"fnMap":{"1":{"name":"constructor","line":17,"loc":{"start":{"line":17,"column":2},"end":{"line":19,"column":2}}},"2":{"name":"mint","line":22,"loc":{"start":{"line":22,"column":2},"end":{"line":25,"column":2}}}},"statementMap":{"1":{"start":{"line":18,"column":4},"end":{"line":18,"column":27}},"2":{"start":{"line":23,"column":4},"end":{"line":23,"column":21}},"3":{"start":{"line":24,"column":4},"end":{"line":24,"column":27}}},"branchMap":{}},"contracts/infrastructure/Press.sol":{"l":{"32":0,"33":0,"38":3,"47":0,"49":0,"50":0,"51":0,"53":0,"54":0,"57":0,"62":0},"path":"/home/chiro/gits/infrastructure/contracts/infrastructure/Press.sol","s":{"1":0,"2":3,"3":0,"4":0,"5":0,"6":0,"7":0,"8":0,"9":0,"10":0},"b":{"1":[0,0],"2":[0,0]},"f":{"1":0,"2":3,"3":0,"4":0},"fnMap":{"1":{"name":"onlyAllowExistedDistributor","line":31,"loc":{"start":{"line":31,"column":2},"end":{"line":34,"column":2}}},"2":{"name":"constructor","line":37,"loc":{"start":{"line":37,"column":2},"end":{"line":39,"column":2}}},"3":{"name":"createItem","line":46,"loc":{"start":{"line":42,"column":2},"end":{"line":58,"column":2}}},"4":{"name":"getApplicationId","line":61,"loc":{"start":{"line":61,"column":2},"end":{"line":63,"column":2}}}},"statementMap":{"1":{"start":{"line":32,"column":4},"end":{"line":32,"column":105}},"2":{"start":{"line":38,"column":4},"end":{"line":38,"column":27}},"3":{"start":{"line":47,"column":4},"end":{"line":47,"column":73}},"4":{"start":{"line":49,"column":4},"end":{"line":49,"column":1520}},"5":{"start":{"line":50,"column":6},"end":{"line":50,"column":26}},"6":{"start":{"line":51,"column":6},"end":{"line":51,"column":29}},"7":{"start":{"line":53,"column":6},"end":{"line":53,"column":66}},"8":{"start":{"line":54,"column":6},"end":{"line":54,"column":41}},"9":{"start":{"line":57,"column":4},"end":{"line":57,"column":99}},"10":{"start":{"line":62,"column":4},"end":{"line":62,"column":64}}},"branchMap":{"1":{"line":32,"type":"if","locations":[{"start":{"line":32,"column":4},"end":{"line":32,"column":4}},{"start":{"line":32,"column":4},"end":{"line":32,"column":4}}]},"2":{"line":49,"type":"if","locations":[{"start":{"line":49,"column":4},"end":{"line":49,"column":4}},{"start":{"line":49,"column":4},"end":{"line":49,"column":4}}]}}},"contracts/infrastructure/Registry.sol":{"l":{"32":1,"41":1,"45":1,"46":3,"48":1,"53":1,"58":4,"63":1,"72":4,"73":4,"74":4,"75":4,"76":4,"77":4},"path":"/home/chiro/gits/infrastructure/contracts/infrastructure/Registry.sol","s":{"1":1,"2":1,"3":1,"4":3,"5":1,"6":1,"7":4,"8":1,"9":4,"10":4,"11":4,"12":4,"13":4,"14":4},"b":{"1":[1,0],"2":[3,0],"3":[4,0]},"f":{"1":1,"2":1,"3":1,"4":4,"5":1,"6":4},"fnMap":{"1":{"name":"set","line":31,"loc":{"start":{"line":27,"column":2},"end":{"line":33,"column":2}}},"2":{"name":"batchSet","line":40,"loc":{"start":{"line":36,"column":2},"end":{"line":49,"column":2}}},"3":{"name":"isExistRecord","line":52,"loc":{"start":{"line":52,"column":2},"end":{"line":54,"column":2}}},"4":{"name":"getAddress","line":57,"loc":{"start":{"line":57,"column":2},"end":{"line":59,"column":2}}},"5":{"name":"getDomainAndName","line":62,"loc":{"start":{"line":62,"column":2},"end":{"line":64,"column":2}}},"6":{"name":"_set","line":67,"loc":{"start":{"line":67,"column":2},"end":{"line":78,"column":2}}}},"statementMap":{"1":{"start":{"line":32,"column":4},"end":{"line":32,"column":35}},"2":{"start":{"line":41,"column":4},"end":{"line":41,"column":1090}},"3":{"start":{"line":45,"column":4},"end":{"line":45,"column":1245}},"4":{"start":{"line":46,"column":6},"end":{"line":46,"column":85}},"5":{"start":{"line":48,"column":4},"end":{"line":48,"column":15}},"6":{"start":{"line":53,"column":4},"end":{"line":53,"column":49}},"7":{"start":{"line":58,"column":4},"end":{"line":58,"column":35}},"8":{"start":{"line":63,"column":4},"end":{"line":63,"column":53}},"9":{"start":{"line":72,"column":4},"end":{"line":72,"column":71}},"10":{"start":{"line":73,"column":4},"end":{"line":73,"column":34}},"11":{"start":{"line":74,"column":4},"end":{"line":74,"column":28}},"12":{"start":{"line":75,"column":4},"end":{"line":75,"column":32}},"13":{"start":{"line":76,"column":4},"end":{"line":76,"column":39}},"14":{"start":{"line":77,"column":4},"end":{"line":77,"column":15}}},"branchMap":{"1":{"line":41,"type":"if","locations":[{"start":{"line":41,"column":4},"end":{"line":41,"column":4}},{"start":{"line":41,"column":4},"end":{"line":41,"column":4}}]},"2":{"line":46,"type":"if","locations":[{"start":{"line":46,"column":6},"end":{"line":46,"column":6}},{"start":{"line":46,"column":6},"end":{"line":46,"column":6}}]},"3":{"line":72,"type":"if","locations":[{"start":{"line":72,"column":4},"end":{"line":72,"column":4}},{"start":{"line":72,"column":4},"end":{"line":72,"column":4}}]}}},"contracts/infrastructure/RNG.sol":{"l":{"49":3,"55":0,"56":0,"57":0,"58":0,"63":0,"64":0,"66":0,"68":0,"73":0,"74":0,"75":0,"77":0,"79":0,"80":0,"82":0,"83":0,"88":0},"path":"/home/chiro/gits/infrastructure/contracts/infrastructure/RNG.sol","s":{"1":3,"2":0,"3":0,"4":0,"5":0,"6":0,"7":0,"8":0,"9":0,"10":0,"11":0,"12":0,"13":0,"14":0,"15":0,"16":0,"17":0},"b":{"1":[0,0],"2":[0,0],"3":[0,0],"4":[0,0]},"f":{"1":3,"2":0,"3":0,"4":0},"fnMap":{"1":{"name":"constructor","line":48,"loc":{"start":{"line":48,"column":2},"end":{"line":50,"column":2}}},"2":{"name":"commit","line":53,"loc":{"start":{"line":53,"column":2},"end":{"line":59,"column":2}}},"3":{"name":"reveal","line":62,"loc":{"start":{"line":62,"column":2},"end":{"line":84,"column":2}}},"4":{"name":"getProgress","line":87,"loc":{"start":{"line":87,"column":2},"end":{"line":95,"column":2}}}},"statementMap":{"1":{"start":{"line":49,"column":4},"end":{"line":49,"column":27}},"2":{"start":{"line":55,"column":4},"end":{"line":55,"column":24}},"3":{"start":{"line":56,"column":4},"end":{"line":56,"column":43}},"4":{"start":{"line":57,"column":4},"end":{"line":57,"column":44}},"5":{"start":{"line":58,"column":4},"end":{"line":58,"column":27}},"6":{"start":{"line":63,"column":4},"end":{"line":63,"column":13}},"7":{"start":{"line":64,"column":4},"end":{"line":64,"column":13}},"8":{"start":{"line":66,"column":4},"end":{"line":66,"column":23}},"9":{"start":{"line":73,"column":4},"end":{"line":73,"column":54}},"10":{"start":{"line":74,"column":4},"end":{"line":74,"column":117}},"11":{"start":{"line":75,"column":4},"end":{"line":75,"column":41}},"12":{"start":{"line":77,"column":4},"end":{"line":77,"column":17}},"13":{"start":{"line":79,"column":4},"end":{"line":79,"column":2332}},"14":{"start":{"line":80,"column":6},"end":{"line":80,"column":91}},"15":{"start":{"line":82,"column":4},"end":{"line":82,"column":40}},"16":{"start":{"line":83,"column":4},"end":{"line":83,"column":26}},"17":{"start":{"line":88,"column":4},"end":{"line":88,"column":2660}}},"branchMap":{"1":{"line":73,"type":"if","locations":[{"start":{"line":73,"column":4},"end":{"line":73,"column":4}},{"start":{"line":73,"column":4},"end":{"line":73,"column":4}}]},"2":{"line":74,"type":"if","locations":[{"start":{"line":74,"column":4},"end":{"line":74,"column":4}},{"start":{"line":74,"column":4},"end":{"line":74,"column":4}}]},"3":{"line":79,"type":"if","locations":[{"start":{"line":79,"column":4},"end":{"line":79,"column":4}},{"start":{"line":79,"column":4},"end":{"line":79,"column":4}}]},"4":{"line":80,"type":"if","locations":[{"start":{"line":80,"column":6},"end":{"line":80,"column":6}},{"start":{"line":80,"column":6},"end":{"line":80,"column":6}}]}}},"contracts/libraries/ERC20.sol":{"l":{"53":0,"54":0,"61":0,"69":0,"86":0,"93":0,"100":0,"112":0,"113":0,"120":0,"131":0,"132":0,"149":0,"151":0,"152":0,"153":0,"155":0,"171":0,"172":0,"190":0,"191":0,"192":0,"194":0,"212":0,"213":0,"215":0,"217":0,"218":0,"219":0,"220":0,"222":0,"235":0,"237":0,"239":0,"240":0,"241":0,"256":0,"258":0,"260":0,"261":0,"262":0,"263":0,"265":0,"282":0,"283":0,"285":0,"286":0},"path":"/home/chiro/gits/infrastructure/contracts/libraries/ERC20.sol","s":{"1":0,"2":0,"3":0,"4":0,"5":0,"6":0,"7":0,"8":0,"9":0,"10":0,"11":0,"12":0,"13":0,"14":0,"15":0,"16":0,"17":0,"18":0,"19":0,"20":0,"21":0,"22":0,"23":0,"24":0,"25":0,"26":0,"27":0,"28":0,"29":0,"30":0,"31":0,"32":0,"33":0,"34":0,"35":0,"36":0,"37":0,"38":0,"39":0,"40":0,"41":0,"42":0,"43":0,"44":0,"45":0,"46":0,"47":0},"b":{"1":[0,0],"2":[0,0],"3":[0,0],"4":[0,0],"5":[0,0],"6":[0,0],"7":[0,0],"8":[0,0],"9":[0,0],"10":[0,0]},"f":{"1":0,"2":0,"3":0,"4":0,"5":0,"6":0,"7":0,"8":0,"9":0,"10":0,"11":0,"12":0,"13":0,"14":0,"15":0,"16":0,"17":0},"fnMap":{"1":{"name":"_init","line":52,"loc":{"start":{"line":52,"column":4},"end":{"line":55,"column":4}}},"2":{"name":"name","line":60,"loc":{"start":{"line":60,"column":4},"end":{"line":62,"column":4}}},"3":{"name":"symbol","line":68,"loc":{"start":{"line":68,"column":4},"end":{"line":70,"column":4}}},"4":{"name":"decimals","line":85,"loc":{"start":{"line":85,"column":4},"end":{"line":87,"column":4}}},"5":{"name":"totalSupply","line":92,"loc":{"start":{"line":92,"column":4},"end":{"line":94,"column":4}}},"6":{"name":"balanceOf","line":99,"loc":{"start":{"line":99,"column":4},"end":{"line":101,"column":4}}},"7":{"name":"transfer","line":111,"loc":{"start":{"line":111,"column":4},"end":{"line":114,"column":4}}},"8":{"name":"allowance","line":119,"loc":{"start":{"line":119,"column":4},"end":{"line":121,"column":4}}},"9":{"name":"approve","line":130,"loc":{"start":{"line":130,"column":4},"end":{"line":133,"column":4}}},"10":{"name":"transferFrom","line":148,"loc":{"start":{"line":148,"column":4},"end":{"line":156,"column":4}}},"11":{"name":"increaseAllowance","line":170,"loc":{"start":{"line":170,"column":4},"end":{"line":173,"column":4}}},"12":{"name":"decreaseAllowance","line":189,"loc":{"start":{"line":189,"column":4},"end":{"line":195,"column":4}}},"13":{"name":"_transfer","line":211,"loc":{"start":{"line":211,"column":4},"end":{"line":223,"column":4}}},"14":{"name":"_mint","line":234,"loc":{"start":{"line":234,"column":4},"end":{"line":242,"column":4}}},"15":{"name":"_burn","line":255,"loc":{"start":{"line":255,"column":4},"end":{"line":266,"column":4}}},"16":{"name":"_approve","line":281,"loc":{"start":{"line":281,"column":4},"end":{"line":287,"column":4}}},"17":{"name":"_beforeTokenTransfer","line":303,"loc":{"start":{"line":303,"column":4},"end":{"line":303,"column":95}}}},"statementMap":{"1":{"start":{"line":53,"column":8},"end":{"line":53,"column":20}},"2":{"start":{"line":54,"column":8},"end":{"line":54,"column":24}},"3":{"start":{"line":61,"column":8},"end":{"line":61,"column":20}},"4":{"start":{"line":69,"column":8},"end":{"line":69,"column":22}},"5":{"start":{"line":86,"column":8},"end":{"line":86,"column":17}},"6":{"start":{"line":93,"column":8},"end":{"line":93,"column":27}},"7":{"start":{"line":100,"column":8},"end":{"line":100,"column":33}},"8":{"start":{"line":112,"column":8},"end":{"line":112,"column":49}},"9":{"start":{"line":113,"column":8},"end":{"line":113,"column":19}},"10":{"start":{"line":120,"column":8},"end":{"line":120,"column":42}},"11":{"start":{"line":131,"column":8},"end":{"line":131,"column":46}},"12":{"start":{"line":132,"column":8},"end":{"line":132,"column":19}},"13":{"start":{"line":149,"column":8},"end":{"line":149,"column":43}},"14":{"start":{"line":151,"column":8},"end":{"line":151,"column":68}},"15":{"start":{"line":152,"column":8},"end":{"line":152,"column":86}},"16":{"start":{"line":153,"column":8},"end":{"line":153,"column":64}},"17":{"start":{"line":155,"column":8},"end":{"line":155,"column":19}},"18":{"start":{"line":171,"column":8},"end":{"line":171,"column":87}},"19":{"start":{"line":172,"column":8},"end":{"line":172,"column":19}},"20":{"start":{"line":190,"column":8},"end":{"line":190,"column":69}},"21":{"start":{"line":191,"column":8},"end":{"line":191,"column":92}},"22":{"start":{"line":192,"column":8},"end":{"line":192,"column":74}},"23":{"start":{"line":194,"column":8},"end":{"line":194,"column":19}},"24":{"start":{"line":212,"column":8},"end":{"line":212,"column":77}},"25":{"start":{"line":213,"column":8},"end":{"line":213,"column":78}},"26":{"start":{"line":215,"column":8},"end":{"line":215,"column":54}},"27":{"start":{"line":217,"column":8},"end":{"line":217,"column":49}},"28":{"start":{"line":218,"column":8},"end":{"line":218,"column":81}},"29":{"start":{"line":219,"column":8},"end":{"line":219,"column":49}},"30":{"start":{"line":220,"column":8},"end":{"line":220,"column":37}},"31":{"start":{"line":222,"column":8},"end":{"line":222,"column":48}},"32":{"start":{"line":235,"column":8},"end":{"line":235,"column":72}},"33":{"start":{"line":237,"column":8},"end":{"line":237,"column":56}},"34":{"start":{"line":239,"column":8},"end":{"line":239,"column":29}},"35":{"start":{"line":240,"column":8},"end":{"line":240,"column":35}},"36":{"start":{"line":241,"column":8},"end":{"line":241,"column":50}},"37":{"start":{"line":256,"column":8},"end":{"line":256,"column":74}},"38":{"start":{"line":258,"column":8},"end":{"line":258,"column":56}},"39":{"start":{"line":260,"column":8},"end":{"line":260,"column":51}},"40":{"start":{"line":261,"column":8},"end":{"line":261,"column":78}},"41":{"start":{"line":262,"column":8},"end":{"line":262,"column":51}},"42":{"start":{"line":263,"column":8},"end":{"line":263,"column":29}},"43":{"start":{"line":265,"column":8},"end":{"line":265,"column":50}},"44":{"start":{"line":282,"column":8},"end":{"line":282,"column":75}},"45":{"start":{"line":283,"column":8},"end":{"line":283,"column":75}},"46":{"start":{"line":285,"column":8},"end":{"line":285,"column":43}},"47":{"start":{"line":286,"column":8},"end":{"line":286,"column":45}}},"branchMap":{"1":{"line":152,"type":"if","locations":[{"start":{"line":152,"column":8},"end":{"line":152,"column":8}},{"start":{"line":152,"column":8},"end":{"line":152,"column":8}}]},"2":{"line":191,"type":"if","locations":[{"start":{"line":191,"column":8},"end":{"line":191,"column":8}},{"start":{"line":191,"column":8},"end":{"line":191,"column":8}}]},"3":{"line":212,"type":"if","locations":[{"start":{"line":212,"column":8},"end":{"line":212,"column":8}},{"start":{"line":212,"column":8},"end":{"line":212,"column":8}}]},"4":{"line":213,"type":"if","locations":[{"start":{"line":213,"column":8},"end":{"line":213,"column":8}},{"start":{"line":213,"column":8},"end":{"line":213,"column":8}}]},"5":{"line":218,"type":"if","locations":[{"start":{"line":218,"column":8},"end":{"line":218,"column":8}},{"start":{"line":218,"column":8},"end":{"line":218,"column":8}}]},"6":{"line":235,"type":"if","locations":[{"start":{"line":235,"column":8},"end":{"line":235,"column":8}},{"start":{"line":235,"column":8},"end":{"line":235,"column":8}}]},"7":{"line":256,"type":"if","locations":[{"start":{"line":256,"column":8},"end":{"line":256,"column":8}},{"start":{"line":256,"column":8},"end":{"line":256,"column":8}}]},"8":{"line":261,"type":"if","locations":[{"start":{"line":261,"column":8},"end":{"line":261,"column":8}},{"start":{"line":261,"column":8},"end":{"line":261,"column":8}}]},"9":{"line":282,"type":"if","locations":[{"start":{"line":282,"column":8},"end":{"line":282,"column":8}},{"start":{"line":282,"column":8},"end":{"line":282,"column":8}}]},"10":{"line":283,"type":"if","locations":[{"start":{"line":283,"column":8},"end":{"line":283,"column":8}},{"start":{"line":283,"column":8},"end":{"line":283,"column":8}}]}}},"contracts/libraries/Item.sol":{"l":{"14":0,"15":0,"26":0,"34":0,"38":0},"path":"/home/chiro/gits/infrastructure/contracts/libraries/Item.sol","s":{"1":0,"2":0,"3":0},"b":{"1":[0,0]},"f":{"1":0,"2":0,"3":0,"4":0},"fnMap":{"1":{"name":"set","line":8,"loc":{"start":{"line":8,"column":2},"end":{"line":19,"column":2}}},"2":{"name":"get","line":21,"loc":{"start":{"line":21,"column":2},"end":{"line":29,"column":2}}},"3":{"name":"setApplicationId","line":33,"loc":{"start":{"line":33,"column":2},"end":{"line":35,"column":2}}},"4":{"name":"getApplicationId","line":37,"loc":{"start":{"line":37,"column":2},"end":{"line":39,"column":2}}}},"statementMap":{"1":{"start":{"line":14,"column":4},"end":{"line":14,"column":73}},"2":{"start":{"line":34,"column":4},"end":{"line":34,"column":45}},"3":{"start":{"line":38,"column":4},"end":{"line":38,"column":42}}},"branchMap":{"1":{"line":14,"type":"if","locations":[{"start":{"line":14,"column":4},"end":{"line":14,"column":4}},{"start":{"line":14,"column":4},"end":{"line":14,"column":4}}]}}},"contracts/libraries/OracleProxy.sol":{"l":{"30":0,"31":0,"36":1,"37":1,"38":1,"43":0,"44":0,"45":0,"54":0,"55":0,"60":0,"61":0},"path":"/home/chiro/gits/infrastructure/contracts/libraries/OracleProxy.sol","s":{"1":0,"2":1,"3":1,"4":1,"5":0,"6":0,"7":0,"8":0,"9":0,"10":0,"11":0},"b":{"1":[0,0]},"f":{"1":0,"2":1,"3":0,"4":0,"5":0},"fnMap":{"1":{"name":"onlyListedController","line":29,"loc":{"start":{"line":29,"column":2},"end":{"line":32,"column":2}}},"2":{"name":"addController","line":35,"loc":{"start":{"line":35,"column":2},"end":{"line":39,"column":2}}},"3":{"name":"removeController","line":42,"loc":{"start":{"line":42,"column":2},"end":{"line":46,"column":2}}},"4":{"name":"safeCall","line":53,"loc":{"start":{"line":49,"column":2},"end":{"line":56,"column":2}}},"5":{"name":"safeDelegateCall","line":59,"loc":{"start":{"line":59,"column":2},"end":{"line":62,"column":2}}}},"statementMap":{"1":{"start":{"line":30,"column":4},"end":{"line":30,"column":82}},"2":{"start":{"line":36,"column":4},"end":{"line":36,"column":37}},"3":{"start":{"line":37,"column":4},"end":{"line":37,"column":36}},"4":{"start":{"line":38,"column":4},"end":{"line":38,"column":15}},"5":{"start":{"line":43,"column":4},"end":{"line":43,"column":38}},"6":{"start":{"line":44,"column":4},"end":{"line":44,"column":38}},"7":{"start":{"line":45,"column":4},"end":{"line":45,"column":15}},"8":{"start":{"line":54,"column":4},"end":{"line":54,"column":44}},"9":{"start":{"line":55,"column":4},"end":{"line":55,"column":15}},"10":{"start":{"line":60,"column":4},"end":{"line":60,"column":36}},"11":{"start":{"line":61,"column":4},"end":{"line":61,"column":15}}},"branchMap":{"1":{"line":30,"type":"if","locations":[{"start":{"line":30,"column":4},"end":{"line":30,"column":4}},{"start":{"line":30,"column":4},"end":{"line":30,"column":4}}]}}},"contracts/libraries/TokenMetadata.sol":{"l":{},"path":"/home/chiro/gits/infrastructure/contracts/libraries/TokenMetadata.sol","s":{},"b":{},"f":{},"fnMap":{},"statementMap":{},"branchMap":{}},"contracts/libraries/User.sol":{"l":{"18":0,"19":0,"24":0,"25":0,"30":9,"31":9,"32":9,"33":9,"38":0,"43":0,"48":0},"path":"/home/chiro/gits/infrastructure/contracts/libraries/User.sol","s":{"1":0,"2":0,"3":9,"4":9,"5":9,"6":9,"7":0,"8":0,"9":0},"b":{"1":[0,0],"2":[0,0],"3":[9,0]},"f":{"1":0,"2":0,"3":9,"4":0,"5":0,"6":0},"fnMap":{"1":{"name":"onlyAllowSameDomain","line":17,"loc":{"start":{"line":17,"column":2},"end":{"line":20,"column":2}}},"2":{"name":"onlyAllowCrossDomain","line":23,"loc":{"start":{"line":23,"column":2},"end":{"line":26,"column":2}}},"3":{"name":"init","line":29,"loc":{"start":{"line":29,"column":2},"end":{"line":34,"column":2}}},"4":{"name":"getAddressSameDomain","line":37,"loc":{"start":{"line":37,"column":2},"end":{"line":39,"column":2}}},"5":{"name":"getDomain","line":42,"loc":{"start":{"line":42,"column":2},"end":{"line":44,"column":2}}},"6":{"name":"getRegistry","line":47,"loc":{"start":{"line":47,"column":2},"end":{"line":49,"column":2}}}},"statementMap":{"1":{"start":{"line":18,"column":4},"end":{"line":18,"column":101}},"2":{"start":{"line":24,"column":4},"end":{"line":24,"column":114}},"3":{"start":{"line":30,"column":4},"end":{"line":30,"column":103}},"4":{"start":{"line":31,"column":4},"end":{"line":31,"column":34}},"5":{"start":{"line":32,"column":4},"end":{"line":32,"column":19}},"6":{"start":{"line":33,"column":4},"end":{"line":33,"column":15}},"7":{"start":{"line":38,"column":4},"end":{"line":38,"column":44}},"8":{"start":{"line":43,"column":4},"end":{"line":43,"column":17}},"9":{"start":{"line":48,"column":4},"end":{"line":48,"column":28}}},"branchMap":{"1":{"line":18,"type":"if","locations":[{"start":{"line":18,"column":4},"end":{"line":18,"column":4}},{"start":{"line":18,"column":4},"end":{"line":18,"column":4}}]},"2":{"line":24,"type":"if","locations":[{"start":{"line":24,"column":4},"end":{"line":24,"column":4}},{"start":{"line":24,"column":4},"end":{"line":24,"column":4}}]},"3":{"line":30,"type":"if","locations":[{"start":{"line":30,"column":4},"end":{"line":30,"column":4}},{"start":{"line":30,"column":4},"end":{"line":30,"column":4}}]}}},"contracts/Pool.sol":{"l":{"25":0,"26":0,"35":0,"36":0},"path":"/home/chiro/gits/infrastructure/contracts/Pool.sol","s":{"1":0,"2":0,"3":0,"4":0},"b":{},"f":{"1":0,"2":0},"fnMap":{"1":{"name":"safeCall","line":24,"loc":{"start":{"line":20,"column":2},"end":{"line":27,"column":2}}},"2":{"name":"safeDelegateCall","line":32,"loc":{"start":{"line":30,"column":2},"end":{"line":37,"column":2}}}},"statementMap":{"1":{"start":{"line":25,"column":4},"end":{"line":25,"column":44}},"2":{"start":{"line":26,"column":4},"end":{"line":26,"column":15}},"3":{"start":{"line":35,"column":4},"end":{"line":35,"column":36}},"4":{"start":{"line":36,"column":4},"end":{"line":36,"column":15}}},"branchMap":{}}}